<?xml version="1.0" encoding="UTF-8"?>
<!-- Generated by org.testng.reporters.JUnitReportReporter -->
<testsuite skipped="0" hostname="maiefarghaly-PC" name="helper.MoveSlider" tests="1" failures="0" timestamp="14 Feb 2018 19:25:42 GMT" time="13.153" errors="0">
  <testcase name="slider" time="13.153" classname="helper.MoveSlider"/>
</testsuite> <!-- helper.MoveSlider -->
