<?xml version="1.0" encoding="UTF-8"?>
<!-- Generated by org.testng.reporters.JUnitReportReporter -->
<testsuite skipped="0" hostname="maiefarghaly-PC" name="testCases.GamesTest" tests="1" failures="0" timestamp="20 Feb 2018 21:10:19 GMT" time="3.345" errors="0">
  <testcase name="pricesFilteredBySlider" time="3.345" classname="testCases.GamesTest"/>
</testsuite> <!-- testCases.GamesTest -->
