<?xml version="1.0" encoding="UTF-8"?>
<!-- Generated by org.testng.reporters.JUnitReportReporter -->
<testsuite skipped="0" hostname="maiefarghaly-PC" name="pageObjects.Gamespage" tests="1" failures="0" timestamp="14 Feb 2018 17:57:56 GMT" time="8.414" errors="0">
  <testcase name="goToGames" time="8.414" classname="pageObjects.Gamespage"/>
</testsuite> <!-- pageObjects.Gamespage -->
