<?xml version="1.0" encoding="UTF-8"?>
<!-- Generated by org.testng.reporters.JUnitReportReporter -->
<testsuite skipped="0" hostname="maiefarghaly-PC" name="testCases.SelectGameTest" tests="5" failures="0" timestamp="20 Feb 2018 21:10:19 GMT" time="30.613" errors="0">
  <testcase name="checkGameAddedToCart" time="0.840" classname="testCases.SelectGameTest"/>
  <testcase name="checkGameDetails" time="14.258" classname="testCases.SelectGameTest"/>
  <testcase name="addTwoGamesItems" time="0.250" classname="testCases.SelectGameTest"/>
  <testcase name="checkThreeGamesAddedToCart" time="0.610" classname="testCases.SelectGameTest"/>
  <testcase name="checkOutBtnClick" time="14.655" classname="testCases.SelectGameTest"/>
</testsuite> <!-- testCases.SelectGameTest -->
