<?xml version="1.0" encoding="UTF-8"?>
<!-- Generated by org.testng.reporters.JUnitReportReporter -->
<testsuite skipped="0" hostname="maiefarghaly-PC" name="testCases.HomeTest" tests="1" failures="0" timestamp="20 Feb 2018 21:10:19 GMT" time="26.279" errors="0">
  <testcase name="goToGames" time="26.279" classname="testCases.HomeTest"/>
</testsuite> <!-- testCases.HomeTest -->
